[debug] [2019-05-11T20:48:30.012Z] ----------------------------------------------------------------------
[debug] [2019-05-11T20:48:30.016Z] Command:       C:\Program Files\nodejs\node.exe C:\Users\alexe\AppData\Roaming\npm\node_modules\firebase-tools\lib\bin\firebase.js deploy --only hosting
[debug] [2019-05-11T20:48:30.016Z] CLI Version:   6.9.2
[debug] [2019-05-11T20:48:30.016Z] Platform:      win32
[debug] [2019-05-11T20:48:30.016Z] Node Version:  v8.11.4
[debug] [2019-05-11T20:48:30.018Z] Time:          Sat May 11 2019 22:48:30 GMT+0200 (Rom, sommertid)
[debug] [2019-05-11T20:48:30.018Z] ----------------------------------------------------------------------
[debug] 
[debug] [2019-05-11T20:48:30.045Z] > command requires scopes: ["email","openid","https://www.googleapis.com/auth/cloudplatformprojects.readonly","https://www.googleapis.com/auth/firebase","https://www.googleapis.com/auth/cloud-platform"]
[debug] [2019-05-11T20:48:30.046Z] > authorizing via signed-in user
[debug] [2019-05-11T20:48:30.046Z] [iam] checking project healms for permissions ["firebase.projects.get","firebasehosting.sites.update"]
[debug] [2019-05-11T20:48:30.051Z] > refreshing access token with scopes: ["email","https://www.googleapis.com/auth/cloud-platform","https://www.googleapis.com/auth/cloudplatformprojects.readonly","https://www.googleapis.com/auth/firebase","openid"]
[debug] [2019-05-11T20:48:30.051Z] >>> HTTP REQUEST POST https://www.googleapis.com/oauth2/v3/token  
 <request body omitted>
[debug] [2019-05-11T20:48:30.242Z] <<< HTTP RESPONSE 200
[debug] [2019-05-11T20:48:30.250Z] >>> HTTP REQUEST POST https://cloudresourcemanager.googleapis.com/v1/projects/healms:testIamPermissions  

[debug] [2019-05-11T20:48:31.244Z] <<< HTTP RESPONSE 200
[debug] [2019-05-11T20:48:31.245Z] >>> HTTP REQUEST GET https://firebase.googleapis.com/v1beta1/projects/healms  
 
[debug] [2019-05-11T20:48:32.030Z] <<< HTTP RESPONSE 200
[info] 
[info] === Deploying to 'healms'...
[info] 
[info] i  deploying hosting
[debug] [2019-05-11T20:48:36.565Z] >>> HTTP REQUEST POST https://firebasehosting.googleapis.com/v1beta1/sites/healms/versions  

[debug] [2019-05-11T20:48:38.381Z] <<< HTTP RESPONSE 200
[info] i  hosting[healms]: beginning deploy...
[info] i  hosting[healms]: found 330 files in dist
[debug] [2019-05-11T20:48:38.534Z] [hosting] hash cache [ZGlzdA] load error: lines is not defined
[debug] [2019-05-11T20:48:41.024Z] [hosting] hash cache [ZGlzdA] stored for 330 files
[debug] [2019-05-11T20:48:41.024Z] [hosting][hash queue][FINAL]
[debug] [2019-05-11T20:48:41.025Z] >>> HTTP REQUEST POST https://firebasehosting.googleapis.com/v1beta1/sites/healms/versions/95371859f6a38769:populateFiles  
 <request body omitted>
